<?xml version="1.0" encoding="UTF-8"?>
<!-- Generated by org.testng.reporters.JUnitXMLReporter -->
<testsuite ignored="0" hostname="AKSHAYG" failures="0" tests="8" name="ChromeTest" time="113.092" errors="0" timestamp="2022-02-17T09:59:14 IST">
  <testcase classname="test.IntradayOrderExecution" name="buyOrderOfDixonTech" time="0.002"/>
  <testcase classname="test.IntradayOrderExecution" name="buyOrderOfTataMOtors" time="0.001"/>
  <testcase classname="test.AplicationHeaderVeification" name="verifyAccHolderName" time="3.633"/>
  <testcase classname="test.AplicationHeaderVeification" name="verifyOrdersTab" time="2.363"/>
  <testcase classname="test.AplicationHeaderVeification" name="verifyPositionTab" time="2.684"/>
  <testcase classname="test.AplicationHeaderVeification" name="verifyDashBoardTab" time="1.791"/>
  <testcase classname="test.AplicationHeaderVeification" name="verifyFundsTab" time="1.5"/>
  <testcase classname="test.AplicationHeaderVeification" name="verifyHoldingsTab" time="1.538"/>
</testsuite> <!-- ChromeTest -->
